0 info it worked if it ends with ok
1 verbose cli [ '/usr/local/Cellar/node/0.10.25/bin/node',
1 verbose cli   '/usr/local/bin/npm',
1 verbose cli   'install',
1 verbose cli   '.' ]
2 info using npm@1.3.24
3 info using node@v0.10.25
4 warn package.json GroovyApp@0.0.1 No repository field.
5 warn package.json GroovyApp@0.0.1 No README data
6 verbose readDependencies using package.json deps
7 verbose install where, deps [ '/Volumes/Home/Projects/Groovy/app',
7 verbose install   [ 'base', 'ranger', 'coffee-scrunch', 'jqueryify' ] ]
8 info preinstall GroovyApp@0.0.1
9 verbose readDependencies using package.json deps
10 verbose already installed skipping coffee-scrunch@* /Volumes/Home/Projects/Groovy/app
11 verbose already installed skipping jqueryify@* /Volumes/Home/Projects/Groovy/app
12 verbose cache add [ 'base@git://github.com/stayradiated/base.git#master', null ]
13 verbose cache add name=undefined spec="base@git://github.com/stayradiated/base.git#master" args=["base@git://github.com/stayradiated/base.git#master",null]
14 verbose parsed url { protocol: null,
14 verbose parsed url   slashes: null,
14 verbose parsed url   auth: null,
14 verbose parsed url   host: null,
14 verbose parsed url   port: null,
14 verbose parsed url   hostname: null,
14 verbose parsed url   hash: '#master',
14 verbose parsed url   search: null,
14 verbose parsed url   query: null,
14 verbose parsed url   pathname: 'base@git://github.com/stayradiated/base.git',
14 verbose parsed url   path: 'base@git://github.com/stayradiated/base.git',
14 verbose parsed url   href: 'base@git://github.com/stayradiated/base.git#master' }
15 verbose cache add name="base" spec="git://github.com/stayradiated/base.git#master" args=["base","git://github.com/stayradiated/base.git#master"]
16 verbose parsed url { protocol: 'git:',
16 verbose parsed url   slashes: true,
16 verbose parsed url   auth: null,
16 verbose parsed url   host: 'github.com',
16 verbose parsed url   port: null,
16 verbose parsed url   hostname: 'github.com',
16 verbose parsed url   hash: '#master',
16 verbose parsed url   search: null,
16 verbose parsed url   query: null,
16 verbose parsed url   pathname: '/stayradiated/base.git',
16 verbose parsed url   path: '/stayradiated/base.git',
16 verbose parsed url   href: 'git://github.com/stayradiated/base.git#master' }
17 verbose cache add [ 'ranger@git://github.com/stayradiated/ranger.git#master',
17 verbose cache add   null ]
18 verbose cache add name=undefined spec="ranger@git://github.com/stayradiated/ranger.git#master" args=["ranger@git://github.com/stayradiated/ranger.git#master",null]
19 verbose parsed url { protocol: null,
19 verbose parsed url   slashes: null,
19 verbose parsed url   auth: null,
19 verbose parsed url   host: null,
19 verbose parsed url   port: null,
19 verbose parsed url   hostname: null,
19 verbose parsed url   hash: '#master',
19 verbose parsed url   search: null,
19 verbose parsed url   query: null,
19 verbose parsed url   pathname: 'ranger@git://github.com/stayradiated/ranger.git',
19 verbose parsed url   path: 'ranger@git://github.com/stayradiated/ranger.git',
19 verbose parsed url   href: 'ranger@git://github.com/stayradiated/ranger.git#master' }
20 verbose cache add name="ranger" spec="git://github.com/stayradiated/ranger.git#master" args=["ranger","git://github.com/stayradiated/ranger.git#master"]
21 verbose parsed url { protocol: 'git:',
21 verbose parsed url   slashes: true,
21 verbose parsed url   auth: null,
21 verbose parsed url   host: 'github.com',
21 verbose parsed url   port: null,
21 verbose parsed url   hostname: 'github.com',
21 verbose parsed url   hash: '#master',
21 verbose parsed url   search: null,
21 verbose parsed url   query: null,
21 verbose parsed url   pathname: '/stayradiated/ranger.git',
21 verbose parsed url   path: '/stayradiated/ranger.git',
21 verbose parsed url   href: 'git://github.com/stayradiated/ranger.git#master' }
22 silly lockFile 25fb5aa4-com-stayradiated-base-git-master git://github.com/stayradiated/base.git#master
23 verbose lock git://github.com/stayradiated/base.git#master /Volumes/Home/.npm/25fb5aa4-com-stayradiated-base-git-master.lock
24 silly lockFile 11ce1628-m-stayradiated-ranger-git-master git://github.com/stayradiated/ranger.git#master
25 verbose lock git://github.com/stayradiated/ranger.git#master /Volumes/Home/.npm/11ce1628-m-stayradiated-ranger-git-master.lock
26 verbose addRemoteGit [ 'git://github.com/stayradiated/base.git', 'master' ]
27 verbose addRemoteGit [ 'git://github.com/stayradiated/ranger.git', 'master' ]
28 verbose git remote.origin.url git://github.com/stayradiated/base.git
29 verbose git remote.origin.url git://github.com/stayradiated/ranger.git
30 verbose git fetch -a origin (git://github.com/stayradiated/ranger.git)
31 verbose git fetch -a origin (git://github.com/stayradiated/base.git)
32 verbose git rev-list -n1 master a95ee8be89cfc82c8f190ba96a28ee6cf2a0fcac
33 verbose resolved git url git://github.com/stayradiated/ranger.git#a95ee8be89cfc82c8f190ba96a28ee6cf2a0fcac
34 verbose git rev-list -n1 master 5d2b73325f9010ea65eb37f3c75732967315e4c6
35 verbose resolved git url git://github.com/stayradiated/base.git#5d2b73325f9010ea65eb37f3c75732967315e4c6
36 verbose tar unpack /var/folders/sx/97prpd4949s7vkmhkqktyynm0000gn/T/npm-850-HK2JI8-L/1391467023955-0.8283559689298272/tmp.tgz
37 silly lockFile 6a20dd3a-23955-0-8283559689298272-package tar:///var/folders/sx/97prpd4949s7vkmhkqktyynm0000gn/T/npm-850-HK2JI8-L/1391467023955-0.8283559689298272/package
38 verbose lock tar:///var/folders/sx/97prpd4949s7vkmhkqktyynm0000gn/T/npm-850-HK2JI8-L/1391467023955-0.8283559689298272/package /Volumes/Home/.npm/6a20dd3a-23955-0-8283559689298272-package.lock
39 silly lockFile f1d175b3-23955-0-8283559689298272-tmp-tgz tar:///var/folders/sx/97prpd4949s7vkmhkqktyynm0000gn/T/npm-850-HK2JI8-L/1391467023955-0.8283559689298272/tmp.tgz
40 verbose lock tar:///var/folders/sx/97prpd4949s7vkmhkqktyynm0000gn/T/npm-850-HK2JI8-L/1391467023955-0.8283559689298272/tmp.tgz /Volumes/Home/.npm/f1d175b3-23955-0-8283559689298272-tmp-tgz.lock
41 silly gunzTarPerm modes [ '755', '644' ]
42 silly gunzTarPerm extractEntry
43 silly gunzTarPerm modified mode [ '', 509, 493 ]
44 silly gunzTarPerm extractEntry .gitignore
45 silly gunzTarPerm modified mode [ '.gitignore', 436, 420 ]
46 silly gunzTarPerm extractEntry .travis.yml
47 silly gunzTarPerm modified mode [ '.travis.yml', 436, 420 ]
48 silly gunzTarPerm extractEntry README.md
49 silly gunzTarPerm modified mode [ 'README.md', 436, 420 ]
50 silly gunzTarPerm extractEntry index.js
51 silly gunzTarPerm modified mode [ 'index.js', 436, 420 ]
52 silly gunzTarPerm extractEntry package.json
53 silly gunzTarPerm modified mode [ 'package.json', 436, 420 ]
54 silly gunzTarPerm extractEntry test/
55 silly gunzTarPerm modified mode [ 'test/', 509, 493 ]
56 silly gunzTarPerm extractEntry test/collection.js
57 silly gunzTarPerm modified mode [ 'test/collection.js', 436, 420 ]
58 silly gunzTarPerm extractEntry test/event.js
59 silly gunzTarPerm modified mode [ 'test/event.js', 436, 420 ]
60 silly gunzTarPerm extractEntry test/model.js
61 silly gunzTarPerm modified mode [ 'test/model.js', 436, 420 ]
62 silly gunzTarPerm extractEntry test/view.js
63 silly gunzTarPerm modified mode [ 'test/view.js', 436, 420 ]
64 silly lockFile 6a20dd3a-23955-0-8283559689298272-package tar:///var/folders/sx/97prpd4949s7vkmhkqktyynm0000gn/T/npm-850-HK2JI8-L/1391467023955-0.8283559689298272/package
65 silly lockFile 6a20dd3a-23955-0-8283559689298272-package tar:///var/folders/sx/97prpd4949s7vkmhkqktyynm0000gn/T/npm-850-HK2JI8-L/1391467023955-0.8283559689298272/package
66 silly lockFile f1d175b3-23955-0-8283559689298272-tmp-tgz tar:///var/folders/sx/97prpd4949s7vkmhkqktyynm0000gn/T/npm-850-HK2JI8-L/1391467023955-0.8283559689298272/tmp.tgz
67 silly lockFile f1d175b3-23955-0-8283559689298272-tmp-tgz tar:///var/folders/sx/97prpd4949s7vkmhkqktyynm0000gn/T/npm-850-HK2JI8-L/1391467023955-0.8283559689298272/tmp.tgz
68 verbose tar pack [ '/Volumes/Home/.npm/base/0.3.5/package.tgz',
68 verbose tar pack   '/var/folders/sx/97prpd4949s7vkmhkqktyynm0000gn/T/npm-850-HK2JI8-L/1391467023955-0.8283559689298272/package' ]
69 verbose tarball /Volumes/Home/.npm/base/0.3.5/package.tgz
70 verbose folder /var/folders/sx/97prpd4949s7vkmhkqktyynm0000gn/T/npm-850-HK2JI8-L/1391467023955-0.8283559689298272/package
71 silly lockFile 6a20dd3a-23955-0-8283559689298272-package tar:///var/folders/sx/97prpd4949s7vkmhkqktyynm0000gn/T/npm-850-HK2JI8-L/1391467023955-0.8283559689298272/package
72 verbose lock tar:///var/folders/sx/97prpd4949s7vkmhkqktyynm0000gn/T/npm-850-HK2JI8-L/1391467023955-0.8283559689298272/package /Volumes/Home/.npm/6a20dd3a-23955-0-8283559689298272-package.lock
73 silly lockFile 705c9d64--Home-npm-base-0-3-5-package-tgz tar:///Volumes/Home/.npm/base/0.3.5/package.tgz
74 verbose lock tar:///Volumes/Home/.npm/base/0.3.5/package.tgz /Volumes/Home/.npm/705c9d64--Home-npm-base-0-3-5-package-tgz.lock
75 verbose tar unpack /var/folders/sx/97prpd4949s7vkmhkqktyynm0000gn/T/npm-850-HK2JI8-L/1391467023953-0.3284209929406643/tmp.tgz
76 silly lockFile f75f4923-23953-0-3284209929406643-package tar:///var/folders/sx/97prpd4949s7vkmhkqktyynm0000gn/T/npm-850-HK2JI8-L/1391467023953-0.3284209929406643/package
77 verbose lock tar:///var/folders/sx/97prpd4949s7vkmhkqktyynm0000gn/T/npm-850-HK2JI8-L/1391467023953-0.3284209929406643/package /Volumes/Home/.npm/f75f4923-23953-0-3284209929406643-package.lock
78 silly lockFile 23c2ff54-23953-0-3284209929406643-tmp-tgz tar:///var/folders/sx/97prpd4949s7vkmhkqktyynm0000gn/T/npm-850-HK2JI8-L/1391467023953-0.3284209929406643/tmp.tgz
79 verbose lock tar:///var/folders/sx/97prpd4949s7vkmhkqktyynm0000gn/T/npm-850-HK2JI8-L/1391467023953-0.3284209929406643/tmp.tgz /Volumes/Home/.npm/23c2ff54-23953-0-3284209929406643-tmp-tgz.lock
80 silly gunzTarPerm modes [ '755', '644' ]
81 silly gunzTarPerm extractEntry
82 silly gunzTarPerm modified mode [ '', 509, 493 ]
83 silly gunzTarPerm extractEntry .agignore
84 silly gunzTarPerm modified mode [ '.agignore', 436, 420 ]
85 silly gunzTarPerm extractEntry .gitignore
86 silly gunzTarPerm modified mode [ '.gitignore', 436, 420 ]
87 silly gunzTarPerm extractEntry README.md
88 silly gunzTarPerm modified mode [ 'README.md', 436, 420 ]
89 silly gunzTarPerm extractEntry assets/
90 silly gunzTarPerm modified mode [ 'assets/', 509, 493 ]
91 silly gunzTarPerm extractEntry assets/finder.png
92 silly gunzTarPerm modified mode [ 'assets/finder.png', 436, 420 ]
93 silly gunzTarPerm extractEntry assets/ranger.png
94 silly gunzTarPerm modified mode [ 'assets/ranger.png', 436, 420 ]
95 silly gunzTarPerm extractEntry example/
96 silly gunzTarPerm modified mode [ 'example/', 509, 493 ]
97 silly gunzTarPerm extractEntry example/css/
98 silly gunzTarPerm modified mode [ 'example/css/', 509, 493 ]
99 silly gunzTarPerm extractEntry example/css/ranger.css
100 silly gunzTarPerm modified mode [ 'example/css/ranger.css', 436, 420 ]
101 silly gunzTarPerm extractEntry example/index.html
102 silly gunzTarPerm modified mode [ 'example/index.html', 436, 420 ]
103 silly gunzTarPerm extractEntry example/js/
104 silly gunzTarPerm modified mode [ 'example/js/', 509, 493 ]
105 silly gunzTarPerm extractEntry example/js/init.js
106 silly gunzTarPerm modified mode [ 'example/js/init.js', 436, 420 ]
107 silly lockFile 6a20dd3a-23955-0-8283559689298272-package tar:///var/folders/sx/97prpd4949s7vkmhkqktyynm0000gn/T/npm-850-HK2JI8-L/1391467023955-0.8283559689298272/package
108 silly lockFile 6a20dd3a-23955-0-8283559689298272-package tar:///var/folders/sx/97prpd4949s7vkmhkqktyynm0000gn/T/npm-850-HK2JI8-L/1391467023955-0.8283559689298272/package
109 silly lockFile 705c9d64--Home-npm-base-0-3-5-package-tgz tar:///Volumes/Home/.npm/base/0.3.5/package.tgz
110 silly lockFile 705c9d64--Home-npm-base-0-3-5-package-tgz tar:///Volumes/Home/.npm/base/0.3.5/package.tgz
111 silly lockFile 24eedb03-umes-Home-npm-base-0-3-5-package /Volumes/Home/.npm/base/0.3.5/package
112 verbose lock /Volumes/Home/.npm/base/0.3.5/package /Volumes/Home/.npm/24eedb03-umes-Home-npm-base-0-3-5-package.lock
113 silly lockFile 24eedb03-umes-Home-npm-base-0-3-5-package /Volumes/Home/.npm/base/0.3.5/package
114 silly lockFile 24eedb03-umes-Home-npm-base-0-3-5-package /Volumes/Home/.npm/base/0.3.5/package
115 verbose tar unpack /Volumes/Home/.npm/base/0.3.5/package.tgz
116 silly lockFile 8486c41d-umes-Home-npm-base-0-3-5-package tar:///Volumes/Home/.npm/base/0.3.5/package
117 verbose lock tar:///Volumes/Home/.npm/base/0.3.5/package /Volumes/Home/.npm/8486c41d-umes-Home-npm-base-0-3-5-package.lock
118 silly lockFile 705c9d64--Home-npm-base-0-3-5-package-tgz tar:///Volumes/Home/.npm/base/0.3.5/package.tgz
119 verbose lock tar:///Volumes/Home/.npm/base/0.3.5/package.tgz /Volumes/Home/.npm/705c9d64--Home-npm-base-0-3-5-package-tgz.lock
120 silly gunzTarPerm modes [ '755', '644' ]
121 silly gunzTarPerm extractEntry package.json
122 silly gunzTarPerm extractEntry .npmignore
123 silly gunzTarPerm extractEntry README.md
124 silly gunzTarPerm extractEntry index.js
125 silly gunzTarPerm extractEntry .travis.yml
126 silly gunzTarPerm extractEntry test/collection.js
127 silly gunzTarPerm extractEntry test/event.js
128 silly gunzTarPerm extractEntry test/model.js
129 silly gunzTarPerm extractEntry test/view.js
130 silly gunzTarPerm extractEntry example/js/items.js
131 silly gunzTarPerm modified mode [ 'example/js/items.js', 436, 420 ]
132 silly gunzTarPerm extractEntry example/js/lib/
133 silly gunzTarPerm modified mode [ 'example/js/lib/', 509, 493 ]
134 silly lockFile 8486c41d-umes-Home-npm-base-0-3-5-package tar:///Volumes/Home/.npm/base/0.3.5/package
135 silly lockFile 8486c41d-umes-Home-npm-base-0-3-5-package tar:///Volumes/Home/.npm/base/0.3.5/package
136 silly lockFile 705c9d64--Home-npm-base-0-3-5-package-tgz tar:///Volumes/Home/.npm/base/0.3.5/package.tgz
137 silly lockFile 705c9d64--Home-npm-base-0-3-5-package-tgz tar:///Volumes/Home/.npm/base/0.3.5/package.tgz
138 verbose chmod /Volumes/Home/.npm/base/0.3.5/package.tgz 644
139 verbose chown /Volumes/Home/.npm/base/0.3.5/package.tgz [ 501, 20 ]
140 silly lockFile a73b03bd-github-com-stayradiated-base-git git://github.com/stayradiated/base.git
141 silly gunzTarPerm extractEntry example/js/lib/jquery.js
142 silly gunzTarPerm modified mode [ 'example/js/lib/jquery.js', 436, 420 ]
143 silly gunzTarPerm extractEntry example/js/ranger.js
144 silly gunzTarPerm modified mode [ 'example/js/ranger.js', 436, 420 ]
145 silly gunzTarPerm extractEntry lib/
146 silly gunzTarPerm modified mode [ 'lib/', 509, 493 ]
147 silly gunzTarPerm extractEntry lib/controllers/
148 silly gunzTarPerm modified mode [ 'lib/controllers/', 509, 493 ]
149 silly gunzTarPerm extractEntry lib/controllers/ranger.js
150 silly gunzTarPerm modified mode [ 'lib/controllers/ranger.js', 436, 420 ]
151 silly gunzTarPerm extractEntry lib/models/
152 silly gunzTarPerm modified mode [ 'lib/models/', 509, 493 ]
153 silly gunzTarPerm extractEntry lib/models/item.js
154 silly gunzTarPerm modified mode [ 'lib/models/item.js', 436, 420 ]
155 silly gunzTarPerm extractEntry lib/models/pane.js
156 silly gunzTarPerm modified mode [ 'lib/models/pane.js', 436, 420 ]
157 silly gunzTarPerm extractEntry lib/templates/
158 silly gunzTarPerm modified mode [ 'lib/templates/', 509, 493 ]
159 silly gunzTarPerm extractEntry lib/templates/item.js
160 silly gunzTarPerm modified mode [ 'lib/templates/item.js', 436, 420 ]
161 silly gunzTarPerm extractEntry lib/templates/pane.js
162 silly gunzTarPerm modified mode [ 'lib/templates/pane.js', 436, 420 ]
163 silly gunzTarPerm extractEntry lib/utils/
164 silly gunzTarPerm modified mode [ 'lib/utils/', 509, 493 ]
165 silly gunzTarPerm extractEntry lib/utils/bind.js
166 silly gunzTarPerm modified mode [ 'lib/utils/bind.js', 436, 420 ]
167 silly gunzTarPerm extractEntry lib/views/
168 silly gunzTarPerm modified mode [ 'lib/views/', 509, 493 ]
169 silly gunzTarPerm extractEntry lib/views/items.js
170 silly gunzTarPerm modified mode [ 'lib/views/items.js', 436, 420 ]
171 silly gunzTarPerm extractEntry lib/views/panes.js
172 silly gunzTarPerm modified mode [ 'lib/views/panes.js', 436, 420 ]
173 silly gunzTarPerm extractEntry lib/views/ranger.js
174 silly gunzTarPerm modified mode [ 'lib/views/ranger.js', 436, 420 ]
175 silly gunzTarPerm extractEntry package.json
176 silly gunzTarPerm modified mode [ 'package.json', 436, 420 ]
177 silly lockFile f75f4923-23953-0-3284209929406643-package tar:///var/folders/sx/97prpd4949s7vkmhkqktyynm0000gn/T/npm-850-HK2JI8-L/1391467023953-0.3284209929406643/package
178 silly lockFile f75f4923-23953-0-3284209929406643-package tar:///var/folders/sx/97prpd4949s7vkmhkqktyynm0000gn/T/npm-850-HK2JI8-L/1391467023953-0.3284209929406643/package
179 silly lockFile 23c2ff54-23953-0-3284209929406643-tmp-tgz tar:///var/folders/sx/97prpd4949s7vkmhkqktyynm0000gn/T/npm-850-HK2JI8-L/1391467023953-0.3284209929406643/tmp.tgz
180 silly lockFile 23c2ff54-23953-0-3284209929406643-tmp-tgz tar:///var/folders/sx/97prpd4949s7vkmhkqktyynm0000gn/T/npm-850-HK2JI8-L/1391467023953-0.3284209929406643/tmp.tgz
181 verbose tar pack [ '/Volumes/Home/.npm/ranger/0.2.0/package.tgz',
181 verbose tar pack   '/var/folders/sx/97prpd4949s7vkmhkqktyynm0000gn/T/npm-850-HK2JI8-L/1391467023953-0.3284209929406643/package' ]
182 verbose tarball /Volumes/Home/.npm/ranger/0.2.0/package.tgz
183 verbose folder /var/folders/sx/97prpd4949s7vkmhkqktyynm0000gn/T/npm-850-HK2JI8-L/1391467023953-0.3284209929406643/package
184 silly lockFile f75f4923-23953-0-3284209929406643-package tar:///var/folders/sx/97prpd4949s7vkmhkqktyynm0000gn/T/npm-850-HK2JI8-L/1391467023953-0.3284209929406643/package
185 verbose lock tar:///var/folders/sx/97prpd4949s7vkmhkqktyynm0000gn/T/npm-850-HK2JI8-L/1391467023953-0.3284209929406643/package /Volumes/Home/.npm/f75f4923-23953-0-3284209929406643-package.lock
186 silly lockFile d514cbab-ome-npm-ranger-0-2-0-package-tgz tar:///Volumes/Home/.npm/ranger/0.2.0/package.tgz
187 verbose lock tar:///Volumes/Home/.npm/ranger/0.2.0/package.tgz /Volumes/Home/.npm/d514cbab-ome-npm-ranger-0-2-0-package-tgz.lock
188 silly lockFile f75f4923-23953-0-3284209929406643-package tar:///var/folders/sx/97prpd4949s7vkmhkqktyynm0000gn/T/npm-850-HK2JI8-L/1391467023953-0.3284209929406643/package
189 silly lockFile f75f4923-23953-0-3284209929406643-package tar:///var/folders/sx/97prpd4949s7vkmhkqktyynm0000gn/T/npm-850-HK2JI8-L/1391467023953-0.3284209929406643/package
190 silly lockFile d514cbab-ome-npm-ranger-0-2-0-package-tgz tar:///Volumes/Home/.npm/ranger/0.2.0/package.tgz
191 silly lockFile d514cbab-ome-npm-ranger-0-2-0-package-tgz tar:///Volumes/Home/.npm/ranger/0.2.0/package.tgz
192 silly lockFile 3722395e-es-Home-npm-ranger-0-2-0-package /Volumes/Home/.npm/ranger/0.2.0/package
193 verbose lock /Volumes/Home/.npm/ranger/0.2.0/package /Volumes/Home/.npm/3722395e-es-Home-npm-ranger-0-2-0-package.lock
194 silly lockFile 3722395e-es-Home-npm-ranger-0-2-0-package /Volumes/Home/.npm/ranger/0.2.0/package
195 silly lockFile 3722395e-es-Home-npm-ranger-0-2-0-package /Volumes/Home/.npm/ranger/0.2.0/package
196 verbose tar unpack /Volumes/Home/.npm/ranger/0.2.0/package.tgz
197 silly lockFile f187ecb1-es-Home-npm-ranger-0-2-0-package tar:///Volumes/Home/.npm/ranger/0.2.0/package
198 verbose lock tar:///Volumes/Home/.npm/ranger/0.2.0/package /Volumes/Home/.npm/f187ecb1-es-Home-npm-ranger-0-2-0-package.lock
199 silly lockFile d514cbab-ome-npm-ranger-0-2-0-package-tgz tar:///Volumes/Home/.npm/ranger/0.2.0/package.tgz
200 verbose lock tar:///Volumes/Home/.npm/ranger/0.2.0/package.tgz /Volumes/Home/.npm/d514cbab-ome-npm-ranger-0-2-0-package-tgz.lock
201 silly gunzTarPerm modes [ '755', '644' ]
202 silly gunzTarPerm extractEntry package.json
203 silly gunzTarPerm extractEntry .npmignore
204 silly gunzTarPerm extractEntry README.md
205 silly gunzTarPerm extractEntry .agignore
206 silly gunzTarPerm extractEntry assets/finder.png
207 silly gunzTarPerm extractEntry assets/ranger.png
208 silly gunzTarPerm extractEntry example/css/ranger.css
209 silly gunzTarPerm extractEntry example/index.html
210 silly gunzTarPerm extractEntry example/js/init.js
211 silly gunzTarPerm extractEntry example/js/items.js
212 silly gunzTarPerm extractEntry example/js/ranger.js
213 silly gunzTarPerm extractEntry example/js/lib/jquery.js
214 silly gunzTarPerm extractEntry lib/controllers/ranger.js
215 silly gunzTarPerm extractEntry lib/models/item.js
216 silly gunzTarPerm extractEntry lib/models/pane.js
217 silly gunzTarPerm extractEntry lib/templates/item.js
218 silly gunzTarPerm extractEntry lib/templates/pane.js
219 silly gunzTarPerm extractEntry lib/utils/bind.js
220 silly gunzTarPerm extractEntry lib/views/items.js
221 silly gunzTarPerm extractEntry lib/views/panes.js
222 silly gunzTarPerm extractEntry lib/views/ranger.js
223 silly lockFile f187ecb1-es-Home-npm-ranger-0-2-0-package tar:///Volumes/Home/.npm/ranger/0.2.0/package
224 silly lockFile f187ecb1-es-Home-npm-ranger-0-2-0-package tar:///Volumes/Home/.npm/ranger/0.2.0/package
225 silly lockFile d514cbab-ome-npm-ranger-0-2-0-package-tgz tar:///Volumes/Home/.npm/ranger/0.2.0/package.tgz
226 silly lockFile d514cbab-ome-npm-ranger-0-2-0-package-tgz tar:///Volumes/Home/.npm/ranger/0.2.0/package.tgz
227 verbose chmod /Volumes/Home/.npm/ranger/0.2.0/package.tgz 644
228 verbose chown /Volumes/Home/.npm/ranger/0.2.0/package.tgz [ 501, 20 ]
229 silly lockFile 569d4a93-thub-com-stayradiated-ranger-git git://github.com/stayradiated/ranger.git
230 silly resolved [ { name: 'base',
230 silly resolved     version: '0.3.5',
230 silly resolved     description: 'A tiny and simple javascript MVC framework',
230 silly resolved     main: 'index.js',
230 silly resolved     scripts:
230 silly resolved      { test: 'mocha',
230 silly resolved        coveralls: 'mocha -r blanket -R mocha-lcov-reporter | coveralls' },
230 silly resolved     repository: { type: 'git', url: 'https://github.com/stayradiated/Base.git' },
230 silly resolved     author: { name: 'George Czabania' },
230 silly resolved     license: 'BSD',
230 silly resolved     bugs: { url: 'https://github.com/stayradiated/Base/issues' },
230 silly resolved     devDependencies:
230 silly resolved      { should: '3.1.x',
230 silly resolved        'mocha-lcov-reporter': '0.0.x',
230 silly resolved        blanket: '1.1.x',
230 silly resolved        coveralls: '2.7.x',
230 silly resolved        mocha: '1.17.x' },
230 silly resolved     config: { blanket: [Object] },
230 silly resolved     readme: 'Base\n====\n\n[![Build Status](https://travis-ci.org/stayradiated/base.png?branch=master)](https://travis-ci.org/stayradiated/base)\n[![Coverage Status](https://coveralls.io/repos/stayradiated/base/badge.png)](https://coveralls.io/r/stayradiated/base)\n[![Dependency Status](https://david-dm.org/stayradiated/base.png)](https://david-dm.org/stayradiated/base)\n[![devDependency Status](https://david-dm.org/stayradiated/base/dev-status.png)](https://david-dm.org/stayradiated/base#info=devDependencies)\n\n> A minimal javascript MVC framework for modern browsers\n\n## Installation\n\nThis will probably never be published to the NPM registry, so the best way to\ninstall it is to use `npm link`.\n\n    cd ~/npm_modules\n    git clone https://github.com/stayradiated/base.git\n    cd base\n    npm link\n    cd ~/project\n    npm link base\n\n## Model\n\nModels use javascript getters and setters to detect changes to data, for this\nto work you must set all model properties using the `defaults` object.\n\n    Base = require \'base\'\n\n    class Task extends Base.Model\n\n        defaults:\n            name: \'\'\n            completed: false\n\n    task = new Task()\n\n    task.on \'change:name\', ->\n        console.log \'changing name\'\n\n    task.name = \'Finish project\'\n    # will trigger change:name\n\n\n\n## View\n\nViews allow you to cache elements and bind DOM events\n\n    Base = require \'base\'\n\n    class Panel extends Base.View\n\n        elements:\n            \'input.search\': \'search\'\n\n        events:\n            \'click .open\': \'open\'\n\n        open: (e) =>\n            query = @search\n            console.log \'Looking for \' + query\n\n\n## Collections\n\nA collection is just an array of models.\n\n- create(attrs, options)\n- add(model, options)\n- remove(model)\n- move(model, position)\n- refresh(data, replace)\n- foreach()\n- indexOf()\n- toJSON()\n- first()\n- last()\n- get(index)\n\n## Events\n\nYou can use event methods on Models, Collections and Views.\n\n    var event = new Event();\n\n### Events.on( events, fn )\n\nListen for an event.\n\n- `events` can be an array of events or just a single event.\n- `fn` is the callback to run when the event is triggered.\n\nIt returns the id of the event so you can remove it later.\n\n    var id = event.on(\'change\', function (data) {\n        console.log(\'got some\', data);\n    });\n\n### Events.trigger( event, data.. )\n\nTrigger an event.\n\nYou can pass varibles to the event listener by including it as another\nargument.\n\n    event.trigger(\'change\', \'data\');\n    // \'got some data\'\n\n### Events.off( event, id )\n\nStop listening for an event\n\n    event.off(\'change\', id);\n\n## Using with CoffeeScript\n\nYou can just use the `class` and `extends` keyword. \n\n    Base = require \'base\'\n\n    class Task extends Base.Model\n        defaults:\n            name: \'\'\n            completed: false\n        constructor: ->\n            console.log \'Created a new task\'\n\n## Using with JavaScript\n\nTo use with JavaScript you can use the `extend` method.\n    \n    var Base = require(\'base\');\n\n    var Task = Base.Model.extend({\n        defaults: {\n            name: \'\', \n            completed: false\n        },\n        constructor: function() {\n            console.log(\'Created a new task\');\n        }\n    });\n',
230 silly resolved     readmeFilename: 'README.md',
230 silly resolved     homepage: 'https://github.com/stayradiated/Base',
230 silly resolved     _id: 'base@0.3.5',
230 silly resolved     dist: { shasum: '25a76038638fd23fc7b94d2d9b1740194a15f0aa' },
230 silly resolved     _resolved: 'git://github.com/stayradiated/base.git#5d2b73325f9010ea65eb37f3c75732967315e4c6',
230 silly resolved     _from: 'base@git://github.com/stayradiated/base.git#master' },
230 silly resolved   { name: 'ranger',
230 silly resolved     version: '0.2.0',
230 silly resolved     description: 'A column browser for browsers',
230 silly resolved     main: 'lib/controllers/ranger.js',
230 silly resolved     repository: { type: 'git', url: 'git://github.com/stayradiated/Ranger.git' },
230 silly resolved     author: { name: 'George Czabania' },
230 silly resolved     license: 'BSD',
230 silly resolved     scripts: { compile: 'scrunch -i lib/controllers/ranger.js -o example/js/ranger.js' },
230 silly resolved     bugs: { url: 'https://github.com/stayradiated/Ranger/issues' },
230 silly resolved     dependencies: { base: 'git://github.com/stayradiated/Base.git#master' },
230 silly resolved     devDependencies: { 'coffee-scrunch': '0.2.x' },
230 silly resolved     readme: 'Ranger\n======\n\n_A column browser for JavaScript objects_\n\nBasically this but for browsers:\n\n![](./assets/finder.png)\n\nIt\'s similar to the terminal app of the same name.\n\n![](./assets/ranger.png)\n\n## Technical Details\n\n    <pane:model> {\n      title: \'First Pane\'\n      key: \'a\'\n      contents: <item:collection> [\n        <item:model> {\n          title: \'1\'\n        }\n        <item:model> {\n          title: \'2\'\n          child: <pane:model> {\n            title: \'Second Pane\'\n            key: \'b\'\n            contents: <item:collection> [\n              <item:model> {\n                title: \'b - 1\'\n              }\n            ]\n          }\n        }\n      ]\n    }\n',
230 silly resolved     readmeFilename: 'README.md',
230 silly resolved     homepage: 'https://github.com/stayradiated/Ranger',
230 silly resolved     _id: 'ranger@0.2.0',
230 silly resolved     dist: { shasum: 'a7d5b100dfa306b5004d201cc269e2442311c74a' },
230 silly resolved     _resolved: 'git://github.com/stayradiated/ranger.git#a95ee8be89cfc82c8f190ba96a28ee6cf2a0fcac',
230 silly resolved     _from: 'ranger@git://github.com/stayradiated/ranger.git#master' } ]
231 info install base@0.3.5 into /Volumes/Home/Projects/Groovy/app
232 info install ranger@0.2.0 into /Volumes/Home/Projects/Groovy/app
233 info installOne base@0.3.5
234 info installOne ranger@0.2.0
235 info /Volumes/Home/Projects/Groovy/app/node_modules/ranger unbuild
236 info /Volumes/Home/Projects/Groovy/app/node_modules/base unbuild
237 info preuninstall base@0.3.5
238 info uninstall base@0.3.5
239 verbose tar unpack /Volumes/Home/.npm/ranger/0.2.0/package.tgz
240 silly lockFile 0defce78-s-Groovy-app-node-modules-ranger tar:///Volumes/Home/Projects/Groovy/app/node_modules/ranger
241 verbose lock tar:///Volumes/Home/Projects/Groovy/app/node_modules/ranger /Volumes/Home/.npm/0defce78-s-Groovy-app-node-modules-ranger.lock
242 silly lockFile d514cbab-ome-npm-ranger-0-2-0-package-tgz tar:///Volumes/Home/.npm/ranger/0.2.0/package.tgz
243 verbose lock tar:///Volumes/Home/.npm/ranger/0.2.0/package.tgz /Volumes/Home/.npm/d514cbab-ome-npm-ranger-0-2-0-package-tgz.lock
244 verbose true,/Volumes/Home/Projects/Groovy/app/node_modules,/Volumes/Home/Projects/Groovy/app/node_modules unbuild base@0.3.5
245 info postuninstall base@0.3.5
246 silly gunzTarPerm modes [ '755', '644' ]
247 silly gunzTarPerm extractEntry package.json
248 silly gunzTarPerm extractEntry .npmignore
249 silly gunzTarPerm extractEntry README.md
250 verbose tar unpack /Volumes/Home/.npm/base/0.3.5/package.tgz
251 silly lockFile ecf03082-cts-Groovy-app-node-modules-base tar:///Volumes/Home/Projects/Groovy/app/node_modules/base
252 verbose lock tar:///Volumes/Home/Projects/Groovy/app/node_modules/base /Volumes/Home/.npm/ecf03082-cts-Groovy-app-node-modules-base.lock
253 silly lockFile 705c9d64--Home-npm-base-0-3-5-package-tgz tar:///Volumes/Home/.npm/base/0.3.5/package.tgz
254 verbose lock tar:///Volumes/Home/.npm/base/0.3.5/package.tgz /Volumes/Home/.npm/705c9d64--Home-npm-base-0-3-5-package-tgz.lock
255 silly gunzTarPerm modes [ '755', '644' ]
256 silly gunzTarPerm extractEntry package.json
257 silly gunzTarPerm extractEntry .agignore
258 silly gunzTarPerm extractEntry assets/finder.png
259 silly gunzTarPerm extractEntry .npmignore
260 silly gunzTarPerm extractEntry README.md
261 silly gunzTarPerm extractEntry assets/ranger.png
262 silly gunzTarPerm extractEntry index.js
263 silly gunzTarPerm extractEntry .travis.yml
264 silly gunzTarPerm extractEntry test/collection.js
265 silly gunzTarPerm extractEntry test/event.js
266 silly gunzTarPerm extractEntry test/model.js
267 silly gunzTarPerm extractEntry test/view.js
268 silly gunzTarPerm extractEntry example/css/ranger.css
269 silly gunzTarPerm extractEntry example/index.html
270 silly gunzTarPerm extractEntry example/js/init.js
271 silly lockFile ecf03082-cts-Groovy-app-node-modules-base tar:///Volumes/Home/Projects/Groovy/app/node_modules/base
272 silly lockFile ecf03082-cts-Groovy-app-node-modules-base tar:///Volumes/Home/Projects/Groovy/app/node_modules/base
273 silly lockFile 705c9d64--Home-npm-base-0-3-5-package-tgz tar:///Volumes/Home/.npm/base/0.3.5/package.tgz
274 silly lockFile 705c9d64--Home-npm-base-0-3-5-package-tgz tar:///Volumes/Home/.npm/base/0.3.5/package.tgz
275 info preinstall base@0.3.5
276 verbose readDependencies using package.json deps
277 verbose readDependencies using package.json deps
278 silly resolved []
279 verbose about to build /Volumes/Home/Projects/Groovy/app/node_modules/base
280 info build /Volumes/Home/Projects/Groovy/app/node_modules/base
281 verbose linkStuff [ false,
281 verbose linkStuff   false,
281 verbose linkStuff   false,
281 verbose linkStuff   '/Volumes/Home/Projects/Groovy/app/node_modules' ]
282 info linkStuff base@0.3.5
283 verbose linkBins base@0.3.5
284 verbose linkMans base@0.3.5
285 verbose rebuildBundles base@0.3.5
286 info install base@0.3.5
287 info postinstall base@0.3.5
288 silly gunzTarPerm extractEntry example/js/items.js
289 silly gunzTarPerm extractEntry example/js/ranger.js
290 silly gunzTarPerm extractEntry example/js/lib/jquery.js
291 silly gunzTarPerm extractEntry lib/controllers/ranger.js
292 silly gunzTarPerm extractEntry lib/models/item.js
293 silly gunzTarPerm extractEntry lib/models/pane.js
294 silly gunzTarPerm extractEntry lib/templates/item.js
295 silly gunzTarPerm extractEntry lib/templates/pane.js
296 silly gunzTarPerm extractEntry lib/utils/bind.js
297 silly gunzTarPerm extractEntry lib/views/items.js
298 silly gunzTarPerm extractEntry lib/views/panes.js
299 silly gunzTarPerm extractEntry lib/views/ranger.js
300 silly lockFile 0defce78-s-Groovy-app-node-modules-ranger tar:///Volumes/Home/Projects/Groovy/app/node_modules/ranger
301 silly lockFile 0defce78-s-Groovy-app-node-modules-ranger tar:///Volumes/Home/Projects/Groovy/app/node_modules/ranger
302 silly lockFile d514cbab-ome-npm-ranger-0-2-0-package-tgz tar:///Volumes/Home/.npm/ranger/0.2.0/package.tgz
303 silly lockFile d514cbab-ome-npm-ranger-0-2-0-package-tgz tar:///Volumes/Home/.npm/ranger/0.2.0/package.tgz
304 info preinstall ranger@0.2.0
305 verbose readDependencies using package.json deps
306 verbose readDependencies using package.json deps
307 verbose cache add [ 'base@git://github.com/stayradiated/Base.git#master', null ]
308 verbose cache add name=undefined spec="base@git://github.com/stayradiated/Base.git#master" args=["base@git://github.com/stayradiated/Base.git#master",null]
309 verbose parsed url { protocol: null,
309 verbose parsed url   slashes: null,
309 verbose parsed url   auth: null,
309 verbose parsed url   host: null,
309 verbose parsed url   port: null,
309 verbose parsed url   hostname: null,
309 verbose parsed url   hash: '#master',
309 verbose parsed url   search: null,
309 verbose parsed url   query: null,
309 verbose parsed url   pathname: 'base@git://github.com/stayradiated/Base.git',
309 verbose parsed url   path: 'base@git://github.com/stayradiated/Base.git',
309 verbose parsed url   href: 'base@git://github.com/stayradiated/Base.git#master' }
310 verbose cache add name="base" spec="git://github.com/stayradiated/Base.git#master" args=["base","git://github.com/stayradiated/Base.git#master"]
311 verbose parsed url { protocol: 'git:',
311 verbose parsed url   slashes: true,
311 verbose parsed url   auth: null,
311 verbose parsed url   host: 'github.com',
311 verbose parsed url   port: null,
311 verbose parsed url   hostname: 'github.com',
311 verbose parsed url   hash: '#master',
311 verbose parsed url   search: null,
311 verbose parsed url   query: null,
311 verbose parsed url   pathname: '/stayradiated/Base.git',
311 verbose parsed url   path: '/stayradiated/Base.git',
311 verbose parsed url   href: 'git://github.com/stayradiated/Base.git#master' }
312 silly lockFile 79de4780-com-stayradiated-Base-git-master git://github.com/stayradiated/Base.git#master
313 verbose lock git://github.com/stayradiated/Base.git#master /Volumes/Home/.npm/79de4780-com-stayradiated-Base-git-master.lock
314 verbose addRemoteGit [ 'git://github.com/stayradiated/Base.git', 'master' ]
315 verbose git remote.origin.url git://github.com/stayradiated/Base.git
316 error git fetch -a origin (git://github.com/stayradiated/Base.git) fatal: remote error:
316 error git fetch -a origin (git://github.com/stayradiated/Base.git)   Repository not found.
317 silly lockFile c558de5b-github-com-stayradiated-Base-git git://github.com/stayradiated/Base.git
318 verbose about to build /Volumes/Home/Projects/Groovy/app/node_modules/ranger
319 info /Volumes/Home/Projects/Groovy/app/node_modules/ranger unbuild
320 info preuninstall ranger@0.2.0
321 info uninstall ranger@0.2.0
322 verbose true,/Volumes/Home/Projects/Groovy/app/node_modules,/Volumes/Home/Projects/Groovy/app/node_modules unbuild ranger@0.2.0
323 info postuninstall ranger@0.2.0
324 error Error: Command failed: fatal: remote error:
324 error   Repository not found.
324 error
324 error     at ChildProcess.exithandler (child_process.js:637:15)
324 error     at ChildProcess.EventEmitter.emit (events.js:98:17)
324 error     at maybeClose (child_process.js:743:16)
324 error     at Socket.<anonymous> (child_process.js:956:11)
324 error     at Socket.EventEmitter.emit (events.js:95:17)
324 error     at Pipe.close (net.js:466:12)
325 error If you need help, you may report this *entire* log,
325 error including the npm and node versions, at:
325 error     <http://github.com/isaacs/npm/issues>
326 error System Darwin 13.0.0
327 error command "/usr/local/Cellar/node/0.10.25/bin/node" "/usr/local/bin/npm" "install" "."
328 error cwd /Volumes/Home/Projects/Groovy/app
329 error node -v v0.10.25
330 error npm -v 1.3.24
331 error code 128
332 verbose exit [ 1, true ]
